<?xml version="1.0" encoding="UTF-8"?>
<!-- Generated by org.testng.reporters.JUnitXMLReporter -->
<testsuite hostname="Manishs-MacBook-Pro.local" ignored="1" name="Default test" tests="1" failures="0" timestamp="2019-11-26T16:59:06 AEDT" time="1.84" errors="0">
  <testcase name="testJiraCookieBasedAuth_deleteIssue" time="1.788" classname="test_package.CookieBasedAuth"/>
  <testcase name="testJiraCookieBasedAuth_createIssue" time="0.0" classname="test_package.CookieBasedAuth">
    <ignored/>
  </testcase> <!-- testJiraCookieBasedAuth_createIssue -->
</testsuite> <!-- Default test -->
