<?xml version="1.0" encoding="UTF-8"?>
<testng-results skipped="0" failed="0" ignored="1" total="2" passed="1">
  <reporter-output>
  </reporter-output>
  <suite name="Default suite" duration-ms="1840" started-at="2019-11-26T16:59:04 AEDT" finished-at="2019-11-26T16:59:06 AEDT">
    <groups>
    </groups>
    <test name="Default test" duration-ms="1840" started-at="2019-11-26T16:59:04 AEDT" finished-at="2019-11-26T16:59:06 AEDT">
      <class name="test_package.CookieBasedAuth">
        <test-method status="PASS" signature="setup()[pri:0, instance:test_package.CookieBasedAuth@21213b92]" name="setup" is-config="true" duration-ms="8" started-at="2019-11-26T16:59:04 AEDT" finished-at="2019-11-26T16:59:04 AEDT">
          <reporter-output>
          </reporter-output>
        </test-method> <!-- setup -->
        <test-method status="PASS" signature="testJiraCookieBasedAuth_deleteIssue()[pri:0, instance:test_package.CookieBasedAuth@21213b92]" name="testJiraCookieBasedAuth_deleteIssue" duration-ms="1788" started-at="2019-11-26T16:59:04 AEDT" finished-at="2019-11-26T16:59:06 AEDT">
          <reporter-output>
          </reporter-output>
        </test-method> <!-- testJiraCookieBasedAuth_deleteIssue -->
      </class> <!-- test_package.CookieBasedAuth -->
    </test> <!-- Default test -->
  </suite> <!-- Default suite -->
</testng-results>
